10:48:44,402 [32mINFO [m [f.console] ,----------------------------------------------------------------------------------------------------.
|       ,---,.  .--.--.     ,----..                                     ,--,           2.10-SNAPSHOT |
|     ,'  .' | /  /    '.  /   /   \                                  ,--.'|                         |
|   ,---.'   ||  :  /`. / |   :     :  __  ,-.                   .---.|  | :               __  ,-.   |
|   |   |   .';  |  |--`  .   |  ;. /,' ,'/ /|                  /. ./|:  : '             ,' ,'/ /|   |
|   :   :  :  |  :  ;_    .   ; /--` '  | |' | ,--.--.       .-'-. ' ||  ' |      ,---.  '  | |' |   |
|   :   |  |-, \  \    `. ;   | ;    |  |   ,'/       \     /___/ \: |'  | |     /     \ |  |   ,'   |
|   |   :  ;/|  `----.   \|   : |    '  :  / .--.  .-. | .-'.. '   ' .|  | :    /    /  |'  :  /     |
|   |   |   .'  __ \  \  |.   | '___ |  | '   \__\/: . ./___/ \:     ''  : |__ .    ' / ||  | '      |
|   '   :  '   /  /`--'  /'   ; : .'|;  : |   ," .--.; |.   \  ' .\   |  | '.'|'   ;   /|;  : |      |
|   |   |  |  '--'.     / '   | '/  :|  , ;  /  /  ,.  | \   \   ' \ |;  :    ;'   |  / ||  , ;      |
|   |   :  \    `--'---'  |   :    /  ---'  ;  :   .'   \ \   \  |--" |  ,   / |   :    | ---'       |
|   |   | ,'               \   \ .'         |  ,     .-./  \   \ |     ---`-'   \   \  /             |
|   `----'                  `---`            `--`---'       '---"                `----'              |
+----------------------------------------------------------------------------------------------------+
|                                        You know, for Files!                                        |
|                                     Made from France with Love                                     |
|                           Source: https://github.com/dadoonet/fscrawler/                           |
|                          Documentation: https://fscrawler.readthedocs.io/                          |
`----------------------------------------------------------------------------------------------------'

10:48:45,109 [32mINFO [m [f.p.e.c.f.c.BootstrapChecks] Memory [Free/Total=Percent]: HEAP [108.7mb/2gb=5.31%], RAM [126.6mb/7.7gb=1.59%], Swap [3.9gb/4gb=99.46%].
10:48:47,475 [33mWARN [m [f.p.e.c.f.c.FsCrawlerCli] username/password is deprecated. Use apiKey instead.
10:48:47,573 [33mWARN [m [o.p.AbstractPluginManager] No 'plugins' root
10:48:47,633 [33mWARN [m [f.p.e.c.f.FsCrawlerImpl] username/password is deprecated. Use apiKey instead.
10:48:49,519 [33mWARN [m [f.p.e.c.f.c.ElasticsearchClient] We are not doing SSL verification. It's not recommended for production.
10:48:49,551 [33mWARN [m [f.p.e.c.f.c.ElasticsearchClient] Semantic search is enabled but we are running Elasticsearch with a basic license although we need either an enterprise or trial license.We will not be able to use the semantic search features ATM. We might switch later to a vector embeddings generation.
10:48:49,669 [33mWARN [m [f.p.e.c.f.c.ElasticsearchClient] We are not doing SSL verification. It's not recommended for production.
10:48:49,685 [33mWARN [m [f.p.e.c.f.c.ElasticsearchClient] Semantic search is enabled but we are running Elasticsearch with a basic license although we need either an enterprise or trial license.We will not be able to use the semantic search features ATM. We might switch later to a vector embeddings generation.
10:48:50,151 [32mINFO [m [f.p.e.c.f.FsCrawlerImpl] FSCrawler is now connected to Elasticsearch version [8.17.0]
10:48:50,158 [32mINFO [m [f.p.e.c.f.FsParserAbstract] FS crawler started for [cenadi_job] for [/Users/laure/Desktop/Doc1] every [5m]
10:48:50,165 [32mINFO [m [f.p.e.c.f.FsParserAbstract] Run #1: job [cenadi_job]: starting...
10:48:52,848 [32mINFO [m [f.p.e.c.f.r.RestServer] FSCrawler Rest service started on [http://127.0.0.1:8080/fscrawler]
10:49:04,803 [32mINFO [m [f.p.e.c.f.t.TikaInstance] OCR is enabled. This might slowdown the process.
